TN:
SF:src/app.ts
FN:1,(empty-report)
FNF:1
FNH:0
FNDA:0,(empty-report)
DA:1,0
DA:7,0
DA:9,0
DA:10,0
DA:11,0
DA:12,0
DA:13,0
DA:14,0
DA:15,0
DA:16,0
DA:18,0
DA:19,0
DA:20,0
DA:21,0
DA:22,0
DA:24,0
DA:25,0
DA:26,0
DA:28,0
DA:30,0
DA:31,0
DA:32,0
DA:33,0
LF:23
LH:0
BRDA:1,0,0,0
BRF:1
BRH:0
end_of_record
TN:
SF:src/server.ts
FN:1,(empty-report)
FNF:1
FNH:0
FNDA:0,(empty-report)
DA:1,0
DA:2,0
DA:4,0
DA:5,0
DA:6,0
DA:7,0
DA:8,0
DA:9,0
DA:10,0
DA:11,0
LF:10
LH:0
BRDA:1,0,0,0
BRF:1
BRH:0
end_of_record
TN:
SF:src/application/use-cases/create-user/create-user.usecase.ts
FN:14,CreateUserUseCase
FN:19,execute
FNF:2
FNH:2
FNDA:2,CreateUserUseCase
FNDA:4,execute
DA:1,1
DA:13,1
DA:14,1
DA:15,2
DA:16,2
DA:17,2
DA:19,1
DA:20,4
DA:21,4
DA:22,4
DA:24,4
DA:25,2
DA:26,2
DA:28,2
DA:30,2
DA:31,4
DA:32,1
LF:17
LH:17
BRDA:14,0,0,2
BRDA:19,1,0,4
BRDA:24,2,0,2
BRF:3
BRH:3
end_of_record
TN:
SF:src/common/dtos/create-user.dto.ts
FNF:0
FNH:0
DA:1,1
DA:3,1
DA:4,1
DA:5,1
DA:6,1
DA:7,1
LF:6
LH:6
BRF:0
BRH:0
end_of_record
TN:
SF:src/common/errors/entity-already-exists.error.ts
FN:4,EntityAlreadyExistsError
FNF:1
FNH:1
FNDA:2,EntityAlreadyExistsError
DA:1,1
DA:3,1
DA:4,1
DA:5,2
DA:6,2
DA:7,1
LF:6
LH:6
BRDA:4,0,0,2
BRF:1
BRH:1
end_of_record
TN:
SF:src/common/errors/global.error.ts
FN:1,<instance_members_initializer>
FN:5,GlobalError
FNF:2
FNH:2
FNDA:2,<instance_members_initializer>
FNDA:2,GlobalError
DA:1,1
DA:2,2
DA:3,2
DA:5,2
DA:6,2
DA:7,2
DA:8,2
DA:9,2
DA:10,2
LF:9
LH:9
BRDA:1,0,0,2
BRDA:5,1,0,2
BRF:2
BRH:2
end_of_record
TN:
SF:src/config/environment.ts
FN:1,(empty-report)
FNF:1
FNH:0
FNDA:0,(empty-report)
DA:1,0
DA:3,0
DA:4,0
DA:5,0
DA:6,0
DA:7,0
DA:8,0
DA:10,0
DA:12,0
DA:13,0
DA:14,0
DA:15,0
DA:17,0
LF:13
LH:0
BRDA:1,0,0,0
BRF:1
BRH:0
end_of_record
TN:
SF:src/config/prisma.ts
FN:1,(empty-report)
FNF:1
FNH:0
FNDA:0,(empty-report)
DA:1,0
DA:3,0
LF:2
LH:0
BRDA:1,0,0,0
BRF:1
BRH:0
end_of_record
TN:
SF:src/domain/entities/User.ts
FN:11,<instance_members_initializer>
FN:18,User
FNF:2
FNH:2
FNDA:4,<instance_members_initializer>
FNDA:4,User
DA:1,1
DA:11,1
DA:12,4
DA:13,4
DA:14,4
DA:15,4
DA:16,4
DA:18,4
DA:19,4
DA:20,4
DA:21,4
DA:22,4
DA:23,4
DA:24,4
DA:25,4
LF:15
LH:15
BRDA:11,0,0,4
BRDA:18,1,0,4
BRDA:19,2,0,0
BRDA:23,3,0,0
BRF:4
BRH:2
end_of_record
TN:
SF:src/domain/repositories/users.repository.ts
FN:1,(empty-report)
FNF:1
FNH:1
FNDA:1,(empty-report)
LF:0
LH:0
BRDA:1,0,0,1
BRF:1
BRH:1
end_of_record
TN:
SF:src/domain/services/password-hash.ts
FN:1,(empty-report)
FNF:1
FNH:1
FNDA:1,(empty-report)
LF:0
LH:0
BRDA:1,0,0,1
BRF:1
BRH:1
end_of_record
TN:
SF:src/infraestructure/repositories/in-memory-users.repository.ts
FN:5,<instance_members_initializer>
FN:8,create
FN:15,findByEmail
FNF:3
FNH:3
FNDA:2,<instance_members_initializer>
FNDA:2,create
FNDA:4,findByEmail
DA:1,1
DA:5,1
DA:6,2
DA:8,2
DA:9,2
DA:10,2
DA:12,2
DA:13,2
DA:15,2
DA:16,4
DA:17,4
DA:18,2
LF:12
LH:12
BRDA:5,0,0,2
BRDA:8,1,0,2
BRDA:15,2,0,4
BRDA:16,3,0,2
BRDA:16,4,0,2
BRF:5
BRH:5
end_of_record
TN:
SF:src/infraestructure/repositories/prisma-users.repository.ts
FN:1,(empty-report)
FNF:1
FNH:0
FNDA:0,(empty-report)
DA:1,0
DA:7,0
DA:8,0
DA:9,0
DA:11,0
DA:12,0
DA:14,0
DA:15,0
DA:17,0
DA:18,0
DA:19,0
DA:21,0
DA:22,0
DA:23,0
LF:14
LH:0
BRDA:1,0,0,0
BRF:1
BRH:0
end_of_record
TN:
SF:src/infraestructure/routes/index.ts
FN:1,(empty-report)
FNF:1
FNH:0
FNDA:0,(empty-report)
DA:1,0
DA:4,0
DA:6,0
DA:7,0
DA:8,0
LF:5
LH:0
BRDA:1,0,0,0
BRF:1
BRH:0
end_of_record
TN:
SF:src/infraestructure/services/bcrypt-password-hash.ts
FN:7,hash
FN:10,compare
FNF:2
FNH:2
FNDA:1,hash
FNDA:2,compare
DA:1,1
DA:4,1
DA:6,1
DA:7,1
DA:8,1
DA:9,1
DA:10,1
DA:11,2
DA:12,2
DA:13,1
LF:10
LH:10
BRDA:7,0,0,1
BRDA:10,1,0,2
BRF:2
BRH:2
end_of_record
TN:
SF:src/interfaces/controllers/create-user.controller.ts
FN:1,(empty-report)
FNF:1
FNH:0
FNDA:0,(empty-report)
DA:1,0
DA:7,0
DA:8,0
DA:9,0
DA:10,0
DA:11,0
DA:12,0
DA:13,0
DA:14,0
DA:16,0
DA:18,0
DA:19,0
DA:20,0
DA:22,0
DA:24,0
DA:25,0
DA:26,0
LF:17
LH:0
BRDA:1,0,0,0
BRF:1
BRH:0
end_of_record
TN:
SF:src/interfaces/validations/create-user.validation.ts
FN:1,(empty-report)
FNF:1
FNH:0
FNDA:0,(empty-report)
DA:1,0
DA:3,0
DA:4,0
DA:5,0
DA:6,0
DA:7,0
LF:6
LH:0
BRDA:1,0,0,0
BRF:1
BRH:0
end_of_record
TN:
SF:src/mappers/UserMapper.ts
FN:4,toDomain
FNF:1
FNH:1
FNDA:1,toDomain
DA:1,1
DA:3,1
DA:4,1
DA:5,1
DA:6,1
DA:7,1
LF:6
LH:6
BRDA:4,0,0,1
BRF:1
BRH:1
end_of_record
TN:
SF:src/tests/mocks/user.ts
FN:4,makeUser
FNF:1
FNH:1
FNDA:4,makeUser
DA:1,1
DA:4,1
DA:5,4
DA:6,4
DA:7,4
DA:8,4
DA:9,4
DA:10,4
DA:11,4
DA:12,4
LF:10
LH:10
BRDA:4,0,0,4
BRDA:7,1,0,0
BRDA:8,2,0,0
BRDA:9,3,0,0
BRF:4
BRH:1
end_of_record
